-------------------------------- post_append_url()
-------------------------------- post_append_url()
-------------------------------- post_append_url()
-------------------------------- post_append_url()
-------------------------------- post_append_url()
-------------------------------- post_append_url()
-------------------------------- post_append_url()
引数: https://www.amazon.co.jp
Exception on /AppendUrl [POST]
Traceback (most recent call last):
  File "/media/mint/85f78c06-a96e-4020-ac36-9419b7e456db/mint/root/tools/pyenv/3.6.1/venv/webapp/lib/python3.6/site-packages/flask/app.py", line 1982, in wsgi_app
    response = self.full_dispatch_request()
  File "/media/mint/85f78c06-a96e-4020-ac36-9419b7e456db/mint/root/tools/pyenv/3.6.1/venv/webapp/lib/python3.6/site-packages/flask/app.py", line 1614, in full_dispatch_request
    rv = self.handle_user_exception(e)
  File "/media/mint/85f78c06-a96e-4020-ac36-9419b7e456db/mint/root/tools/pyenv/3.6.1/venv/webapp/lib/python3.6/site-packages/flask/app.py", line 1517, in handle_user_exception
    reraise(exc_type, exc_value, tb)
  File "/media/mint/85f78c06-a96e-4020-ac36-9419b7e456db/mint/root/tools/pyenv/3.6.1/venv/webapp/lib/python3.6/site-packages/flask/_compat.py", line 33, in reraise
    raise value
  File "/media/mint/85f78c06-a96e-4020-ac36-9419b7e456db/mint/root/tools/pyenv/3.6.1/venv/webapp/lib/python3.6/site-packages/flask/app.py", line 1612, in full_dispatch_request
    rv = self.dispatch_request()
  File "/media/mint/85f78c06-a96e-4020-ac36-9419b7e456db/mint/root/tools/pyenv/3.6.1/venv/webapp/lib/python3.6/site-packages/flask/app.py", line 1598, in dispatch_request
    return self.view_functions[rule.endpoint](**req.view_args)
  File "app.py", line 35, in post_append_url
    if 0 < len(message.strip()): return_data.update({'message': message})
UnboundLocalError: local variable 'message' referenced before assignment
-------------------------------- post_append_url()
引数: https://jmty.jp
Exception on /AppendUrl [POST]
Traceback (most recent call last):
  File "/media/mint/85f78c06-a96e-4020-ac36-9419b7e456db/mint/root/tools/pyenv/3.6.1/venv/webapp/lib/python3.6/site-packages/flask/app.py", line 1982, in wsgi_app
    response = self.full_dispatch_request()
  File "/media/mint/85f78c06-a96e-4020-ac36-9419b7e456db/mint/root/tools/pyenv/3.6.1/venv/webapp/lib/python3.6/site-packages/flask/app.py", line 1614, in full_dispatch_request
    rv = self.handle_user_exception(e)
  File "/media/mint/85f78c06-a96e-4020-ac36-9419b7e456db/mint/root/tools/pyenv/3.6.1/venv/webapp/lib/python3.6/site-packages/flask/app.py", line 1517, in handle_user_exception
    reraise(exc_type, exc_value, tb)
  File "/media/mint/85f78c06-a96e-4020-ac36-9419b7e456db/mint/root/tools/pyenv/3.6.1/venv/webapp/lib/python3.6/site-packages/flask/_compat.py", line 33, in reraise
    raise value
  File "/media/mint/85f78c06-a96e-4020-ac36-9419b7e456db/mint/root/tools/pyenv/3.6.1/venv/webapp/lib/python3.6/site-packages/flask/app.py", line 1612, in full_dispatch_request
    rv = self.dispatch_request()
  File "/media/mint/85f78c06-a96e-4020-ac36-9419b7e456db/mint/root/tools/pyenv/3.6.1/venv/webapp/lib/python3.6/site-packages/flask/app.py", line 1598, in dispatch_request
    return self.view_functions[rule.endpoint](**req.view_args)
  File "app.py", line 35, in post_append_url
    if 0 < len(message.strip()): return_data.update({'message': message})
UnboundLocalError: local variable 'message' referenced before assignment
-------------------------------- post_append_url()
引数: 
Exception on /AppendUrl [POST]
Traceback (most recent call last):
  File "app.py", line 32, in post_append_url
    message += '既存 ' + url + '\n'
UnboundLocalError: local variable 'message' referenced before assignment

During handling of the above exception, another exception occurred:

Traceback (most recent call last):
  File "/media/mint/85f78c06-a96e-4020-ac36-9419b7e456db/mint/root/tools/pyenv/3.6.1/venv/webapp/lib/python3.6/site-packages/flask/app.py", line 1982, in wsgi_app
    response = self.full_dispatch_request()
  File "/media/mint/85f78c06-a96e-4020-ac36-9419b7e456db/mint/root/tools/pyenv/3.6.1/venv/webapp/lib/python3.6/site-packages/flask/app.py", line 1614, in full_dispatch_request
    rv = self.handle_user_exception(e)
  File "/media/mint/85f78c06-a96e-4020-ac36-9419b7e456db/mint/root/tools/pyenv/3.6.1/venv/webapp/lib/python3.6/site-packages/flask/app.py", line 1517, in handle_user_exception
    reraise(exc_type, exc_value, tb)
  File "/media/mint/85f78c06-a96e-4020-ac36-9419b7e456db/mint/root/tools/pyenv/3.6.1/venv/webapp/lib/python3.6/site-packages/flask/_compat.py", line 33, in reraise
    raise value
  File "/media/mint/85f78c06-a96e-4020-ac36-9419b7e456db/mint/root/tools/pyenv/3.6.1/venv/webapp/lib/python3.6/site-packages/flask/app.py", line 1612, in full_dispatch_request
    rv = self.dispatch_request()
  File "/media/mint/85f78c06-a96e-4020-ac36-9419b7e456db/mint/root/tools/pyenv/3.6.1/venv/webapp/lib/python3.6/site-packages/flask/app.py", line 1598, in dispatch_request
    return self.view_functions[rule.endpoint](**req.view_args)
  File "app.py", line 34, in post_append_url
    exception += "{0:%Y-%m-%d %H:%M:%S}".format(datetime.datetime.now()) + " 失敗 " + line + str(e.args) +'\n'
UnboundLocalError: local variable 'exception' referenced before assignment
-------------------------------- post_append_url()
引数: https://github.com
Exception on /AppendUrl [POST]
Traceback (most recent call last):
  File "/media/mint/85f78c06-a96e-4020-ac36-9419b7e456db/mint/root/tools/pyenv/3.6.1/venv/webapp/lib/python3.6/site-packages/flask/app.py", line 1982, in wsgi_app
    response = self.full_dispatch_request()
  File "/media/mint/85f78c06-a96e-4020-ac36-9419b7e456db/mint/root/tools/pyenv/3.6.1/venv/webapp/lib/python3.6/site-packages/flask/app.py", line 1614, in full_dispatch_request
    rv = self.handle_user_exception(e)
  File "/media/mint/85f78c06-a96e-4020-ac36-9419b7e456db/mint/root/tools/pyenv/3.6.1/venv/webapp/lib/python3.6/site-packages/flask/app.py", line 1517, in handle_user_exception
    reraise(exc_type, exc_value, tb)
  File "/media/mint/85f78c06-a96e-4020-ac36-9419b7e456db/mint/root/tools/pyenv/3.6.1/venv/webapp/lib/python3.6/site-packages/flask/_compat.py", line 33, in reraise
    raise value
  File "/media/mint/85f78c06-a96e-4020-ac36-9419b7e456db/mint/root/tools/pyenv/3.6.1/venv/webapp/lib/python3.6/site-packages/flask/app.py", line 1612, in full_dispatch_request
    rv = self.dispatch_request()
  File "/media/mint/85f78c06-a96e-4020-ac36-9419b7e456db/mint/root/tools/pyenv/3.6.1/venv/webapp/lib/python3.6/site-packages/flask/app.py", line 1598, in dispatch_request
    return self.view_functions[rule.endpoint](**req.view_args)
  File "app.py", line 35, in post_append_url
    if 0 < len(message.strip()): return_data.update({'message': message})
UnboundLocalError: local variable 'message' referenced before assignment
-------------------------------- post_append_url()
引数: http://ideone.com
Exception on /AppendUrl [POST]
Traceback (most recent call last):
  File "/media/mint/85f78c06-a96e-4020-ac36-9419b7e456db/mint/root/tools/pyenv/3.6.1/venv/webapp/lib/python3.6/site-packages/flask/app.py", line 1982, in wsgi_app
    response = self.full_dispatch_request()
  File "/media/mint/85f78c06-a96e-4020-ac36-9419b7e456db/mint/root/tools/pyenv/3.6.1/venv/webapp/lib/python3.6/site-packages/flask/app.py", line 1614, in full_dispatch_request
    rv = self.handle_user_exception(e)
  File "/media/mint/85f78c06-a96e-4020-ac36-9419b7e456db/mint/root/tools/pyenv/3.6.1/venv/webapp/lib/python3.6/site-packages/flask/app.py", line 1517, in handle_user_exception
    reraise(exc_type, exc_value, tb)
  File "/media/mint/85f78c06-a96e-4020-ac36-9419b7e456db/mint/root/tools/pyenv/3.6.1/venv/webapp/lib/python3.6/site-packages/flask/_compat.py", line 33, in reraise
    raise value
  File "/media/mint/85f78c06-a96e-4020-ac36-9419b7e456db/mint/root/tools/pyenv/3.6.1/venv/webapp/lib/python3.6/site-packages/flask/app.py", line 1612, in full_dispatch_request
    rv = self.dispatch_request()
  File "/media/mint/85f78c06-a96e-4020-ac36-9419b7e456db/mint/root/tools/pyenv/3.6.1/venv/webapp/lib/python3.6/site-packages/flask/app.py", line 1598, in dispatch_request
    return self.view_functions[rule.endpoint](**req.view_args)
  File "app.py", line 35, in post_append_url
    if 0 < len(message.strip()): return_data.update({'message': message})
UnboundLocalError: local variable 'message' referenced before assignment
-------------------------------- post_append_url()
引数: 
Exception on /AppendUrl [POST]
Traceback (most recent call last):
  File "app.py", line 32, in post_append_url
    message += '既存 ' + url + '\n'
UnboundLocalError: local variable 'message' referenced before assignment

During handling of the above exception, another exception occurred:

Traceback (most recent call last):
  File "/media/mint/85f78c06-a96e-4020-ac36-9419b7e456db/mint/root/tools/pyenv/3.6.1/venv/webapp/lib/python3.6/site-packages/flask/app.py", line 1982, in wsgi_app
    response = self.full_dispatch_request()
  File "/media/mint/85f78c06-a96e-4020-ac36-9419b7e456db/mint/root/tools/pyenv/3.6.1/venv/webapp/lib/python3.6/site-packages/flask/app.py", line 1614, in full_dispatch_request
    rv = self.handle_user_exception(e)
  File "/media/mint/85f78c06-a96e-4020-ac36-9419b7e456db/mint/root/tools/pyenv/3.6.1/venv/webapp/lib/python3.6/site-packages/flask/app.py", line 1517, in handle_user_exception
    reraise(exc_type, exc_value, tb)
  File "/media/mint/85f78c06-a96e-4020-ac36-9419b7e456db/mint/root/tools/pyenv/3.6.1/venv/webapp/lib/python3.6/site-packages/flask/_compat.py", line 33, in reraise
    raise value
  File "/media/mint/85f78c06-a96e-4020-ac36-9419b7e456db/mint/root/tools/pyenv/3.6.1/venv/webapp/lib/python3.6/site-packages/flask/app.py", line 1612, in full_dispatch_request
    rv = self.dispatch_request()
  File "/media/mint/85f78c06-a96e-4020-ac36-9419b7e456db/mint/root/tools/pyenv/3.6.1/venv/webapp/lib/python3.6/site-packages/flask/app.py", line 1598, in dispatch_request
    return self.view_functions[rule.endpoint](**req.view_args)
  File "app.py", line 34, in post_append_url
    exception += "{0:%Y-%m-%d %H:%M:%S}".format(datetime.datetime.now()) + " 失敗 " + line + str(e.args) +'\n'
UnboundLocalError: local variable 'exception' referenced before assignment
-------------------------------- post_append_url()
引数: https://repl.it
{"repl_it": {"href": "https://repl.it", "title": "repl.it - Online REPL, Compiler & IDE", "src": "data:image/ico;base64,AAABAAEAICAAAAEAIAAoEQAAFgAAACgAAAAgAAAAQAAAAAEAIAAAAAAAAAAAABMLAAATCwAAAAAAAAAAAAAAAAAAAAAAAAAAAAAAAAAAAAAAAAAAAABVVVUDAAAAAAAAAAAAAAAAkpKSB3p1ZTBfWEBjVEsqi2lgTKiLhnu/sa2owd7c26Hw8PB77OzsUtzV1SQAAAAAAAAAAAAAAACAgIACgICAAgAAAAAAAAAAAAAAAAAAAAAAAAAAAAAAAAAAAAAAAAAAAAAAAAAAAAAAAAAAVVVVAwAAAAAAAAAAZmZNFHNuXmRwaVi5YVpC7G9oVv+fmpH/xcG9/9XS0P/U0c//zcnF/8G+uf+tqaT+l5OK5HlyY6V2cGBQqqqqCQAAAAAAAAAAVVVVAwAAAAAAAAAAAAAAAAAAAAAAAAAAAAAAAAAAAAAAAAAAAAAAAVVVVQMAAAAAAAAAAG5lVFhybFvMcGlX/2deRf+Qi4D/w8C9/9DNy/67uLT+l5OK/nlzZP5pYU3+YVhA/2VdR/9uZlP/dW1b/3FrWv90bV62cW1dPwAAAAAAAAAAgEBABAAAAAAAAAAAAAAAAAAAAAAAAAAAAAAAAAAAAAFVVVUDAAAAAGtrURNvaFWWcmtb/3JrWP9lXUf/pqKb/NTS0P29urb9gnxw/V9WPf1hWEH+aGBN/m1mVf1waVn9cWpZ/XBpWf1waVj8cGhX/3VtW/9walj1dW9eev+AgAIAAAAAgIBABAAAAAAAAAAAAAAAAAAAAAAAAAABVVVVAwAAAAByalgdbmdVuXhxX/9vaFf/Y1lD+62qpP3b2df+p6Sd/lxSN/9kXEf/cWpa/3RuXv9zbV3/cWpa/29oWP9uZ1b/b2hX/nBpWf5ybFz9c2xb+3NsWv90bVv/b2lYl1VVVQYAAAAAgEBABAAAAAAAAAAAAAAAAFVVVQMAAAAAc2ZZFG5oV7t4cV//cGlZ/l5WPfumopv+3dva/6Whmv9VSyn/b2hY/3VvYP9vaFj/Zl5J/2BXP/9fVj3/YllB/2NbRP9hWUD/XlU7/2FYQf9oYEz+cWpa+nNsXP90bVv/b2hXloCAgAIAAAAAqlVVAwAAAABVVVUDAAAAAAAAAAFvaVecdm9c/3NsXf1hWUL8iYN4/9vZ2P+/u7j/WlAz/3BpWf9zbV3/Y1tF/2NbRf98dmj/mpaO/6+rpv+7t7P/vru2/7ezr/+ppZ//j4uB/3FqWf9fVj3/aWFO+nRuXv90bFv/b2lYfAAAAAAAAAAAgICAAgAAAAAAAAAAbmdXYXFqWP9ya1v/bGVU/GVdR//Bvrv/3NrY/4B6bf9lXUj/cWpa/2FYQf+DfXH/sa2o/8nGw//T0M3/19TS/9jV0//i4N//6Obm/+nn5//k4uH/0c7M/6iknv9xalj/YFhB+XZvXv9xalrydW1bRgAAAACAQEAEAAAAAHJqYR1vaFfXdG1b/3NtXPtgWED/iYR5/93b2v++urb/YFg//2tkUv9sZFH/o5+Y/9bU0v/r6en/4+Hg/9PRzv/Fwr7/rKii/5OOhv+VkIf/r6ym/8rHxf/f3dz/6Obl/87Lyf+Mh3z+XlU9+3hxX/9zbFu4dHRdCwAAAAAAAAAAa2RRdXRtW/9vaFj+cWpa/V1UOv+rqKL/4+Hg/56Zkv9VSyr/cmta/7WxrP/m5OT/6+nq/+Xj4//k4uL/5uTk/+Xj4//c2dj/vru3/4N9cf9PRBf/Z19K/4R+cv+uqqT/29jX/9vZ1/+Xkor7YVg//3JrWvt0a11YAAAAAJ2diQ16c2TFc2xa/3FqWvxsZVT+ZV1H/767t//d29r/gnxw/15VO/+3s67/6ebm/+nn5//m5OT/7Orq/+3r6//s6ur/7uzs/+3r7P/u7Oz/3tva/6Oel/9iWkP/Y1tF/1xTOP97dGb/w8C8/9jV0/6SjYP7Zl1E/3ZvYKcAAAABysbBOo+JfvNsZVL/cmtc/WlhTv9tZlT/y8jG/9TSz/9mXUb/npqS/+bk5P/p5+f/6Obl/+fl5f/Qzs7/uLa2/7Wzs//Kycj/5OLh/+nn5//s6ur/4d/e/5yXj/9nYEz/dG5f/2FZQv9iWkL/ubax/87LyPmDfG7/Y1tF3oB6bizh399vpaGZ/2RcRv9zbF39aGBM/3BpWf/T0M//zcrI/3hxYf/PzMr/7evr/+jm5f/g3t7/p6Wl/2NiYf9KSUj/RkVE/11cW/+dm5v/3Nra/+jm5v/r6er/19XT/4J8b/9mXkr/d3Fi/2ZfS/9pYU3/vLi0+7m1sP9kXEb8b2ZVWuTh4aC2sqz/XlY9/nJsXP1qY1D/bWVT/8rIxf/Kx8T/op2W/+Ph4f/r6en/5uPj/6elpf8xMC7/PDs5/05NTP9PTk3/QUA+/ycmI/+Ylpb/4+Hh/+nn5//q6On/v7y4/2dgS/9tZlT/dm9g/19XP/+DfHD+wLy4/5iTif9JPQCCyMTBvbu3sv9jWkT+cGlY/m1mVf9nX0r/vLm1/8zJx/+7t7L/6Obm/+3r6//OzMz/YWBf/z08Ov9dXFz/U1JR/1NSUf9aWVj/TEtJ/0lIRv/FxMP/6ujo/+ro6P/e3Nv/jYh+/2NbRv9ya1v/cGlZ/2JaRP6opJ3+ubWv/2JZQp6fmpPUwr+6/3FqWf5rZFL+cWpa/2JZQ/+opJ7/0M3K/8vIxf/p5+f/7Orq/7a1tf9IR0b/T05N/1NSUf9QT07/UE9O/1JRUP9TUlH/Ojk3/66srP/r6en/5+Xl/9vY1/+vq6b/Zl5J/29oV/90bl7/XlY9/o2Iff7Cvrn/kYqBpIN+cdbDwLv/iIJ2/mVdSf5zbV3/Y1pE/4qFev/KxsP/2NXT/+bk5P/s6ur/tLKy/0VEQ/9QT07/U1JR/1BPTv9QT07/U1JR/1NSUf84NzX/rKqq/+zq6v/m5OT/0c7M/8C9uP93cGL/amJQ/3NsXP9nX0v+dm9g/r+7tv+3tK6jaWNPwrSxqv+no5z+X1c//nNsXP9sZVP/bGVS/7Swq//j4N//5OLi/+3r6//Jx8f/XFta/0JCQP9aWVj/UlFQ/1NSUf9WVVT/T05N/0VEQ/+/vb3/7evr/+bk5P/Fwr7/wL25/4yGfP9lXUj/cWta/25nVv5jW0X+u7ey/9za2aBeVDyml5KI/8C9uP51bl/9aWJP/3RuX/5iWUP/i4Z7/9vZ2P/r6en/5+Xl/+bk5P6amJj+IiEe/k1MS/9TUlH/U1JR/k9OTf8jIiD+h4aG/9/d3f/s6ur/4d7e/6qnoP/Bvrr/npmR/mBYQP9xalr/cGlZ/l9WPv6zr6n/6ObmhWVdSHxzbFr/tbKs/6mlnv1bUjf/cWtb/3FqWv9kXEX/qqeg/+fl5f/o5uf/6efn/9rY2P+UkpL/SEdF/zk4N/84NzX/RENC/4eGhv/U0tL/6efn/+zq6v/Pzcv/ioV5/8nGw/+inpf/XlU8/3JrW/9vaFj8aGBL/6Gdlf7f3NpgdnJjQ2RcRviIg3f/xsK9/ZWQh/9ZTzL/cWpa/29oV/9tZlP/trOu/+jm5v/p5+j/6efn/+Hf3//DwcD/raur/6yqqv/Avr7/4N7e/+nn5//p5+f/5+Xl/56akv+BfG//0s/N/5uXj/9fVj7/cmtb/25mVflza1n/k4+F49HRzDKAgHESb2hYzmhfSP+emZH8zMnG/paRif9cUzj/aGFN/2lhTv9uZ1X/tbKt/+Xj4//s6ur/7Orr/+3r6//t6+v/7Orq/+vp6f/o5ub/6Obm/+ro6P++u7b/XVQ5/5OOhv/W09L/jId8/2NbRv9xalr/bmdW+3ZvXf9/eWux///bBwAAAABxa1x6c2xa/2NbRP6jn5j909HO/7Owqv96dGX/ZV1H/1tSNv9bUjX/lZCH/8jGw//e3Nv/5ePj/+bk5P/l4+P/5uTk/+ro6P/o5ub/wL25/3NsW/9bUjf/qKWe/9HOzP94cWL/aWFO/3FqWftxaln/b2hX/2xnVWMAAAAAAAAAAG9mVR5xalrbc2xa/2JYQfubl47/1dPR/9bT0f+4tbD/nZiR/4iCeP9ya1v/fHVm/5+bkv+5trH/y8jF/9fU0v/k4uH/39zb/6+rpv9xaln/ZFxH/2xlUv/Bvrr/vru3/2JZQv9vaFf/cGlY+nZvXf9waVjEcXFVEgAAAAAAAAAAAAAAAG9oVWx1bVz/cGlY/2FZQvx9d2n/uLWw/9nX1f/i4N//3tzb/9bT0f/T0M7/z8zJ/87Myf/V09D/09DO/7y4tP+Mh3z/Y1tE/25nVv9lXkn/h4F2/9DOy/+WkYj/YVlC/3JrWvlza1r/b2hX+3FrXFYAAAAAVVVVA1VVVQMAAAAAbW1JB29oV6p4cF7/cGlZ/GZfS/xgVz7/fHVn/qGdlv+3s6//xcK+/8zJxv/Gw8D/u7i0/6ejnf+GgHT/Zl5J/2NbRf9zbF3/bmdW/2FZQv+4tbD/v7y4/2dfS/9uZ1T7cGlY/3VuXP9zbF2SAAAAAAAAAACAgIACAAAAAFVVVQMAAAAAe3JhHXJrWsp4cV7/cWpa/XBpWPtnX0z/XVQ7/15VOv9lXUb/aGBL/2VdSP9gVz3/XVQ6/2VdSP9vaFf/dW9g/25nVv9bUjb/nZiR/8nFwv+EfnL/ZV5I+nFqWf95cV//c25es4iIdw8AAAAAgEBABAAAAAAAAAAAAAAAAYCAgAIAAAAAenRjLHJrWsp2b1z/cWpZ/3JrWvlya1v8cWpa/25nVv9tZlT/bmdW/3FqWv90bV7/dW5f/3BpWf9lXUn/Y1tF/5eSiP/Bvrr/k46F/GJaQ/lzbFv/dW5c/3ZvX7Shl44bAAAAAICAQAQAAAAAAAAAAAAAAAAAAAAA//8AAYCAAAIAAAAAd29eHnBqWKtya1r/dW1b/29oV/9waFf5cGlZ+nJrW/1waVj+bGVT/mdfTP5hWUL+ZV1I/nlzZf6jn5f9u7ex+o+KgPpiWUL/d3Be/3BqWf9xa1qZh3hpEQAAAACAgEAEAAAAAAAAAAAAAAAAAAAAAAAAAAAAAAAAAAAAAVVVVQMAAAAAgICABnJtW3BwaVnYdG1b/3ZuXP9tZVL/YlpD/2RcR/1sZVP+eHJk/ouFev6emZH+r6ul/aunoP+DfW//aWFJ/3NsW/9vaVjOdGxcYQAAAAAAAAAAgEBABAAAAAAAAAAAAAAAAAAAAAAAAAAAAAAAAAAAAAAAAAAAAAAAAICAQAQAAAAAAAAAAIB5ayZyalp/fHVnyJOPhfSppZ7/rami/62po/+vq6T/sq6o/6qlnv+TjYP/a2NO/2VdSPFzbFzBcWpYcWxiWBoAAAAAAAAAAIBAQAQAAAAAAAAAAAAAAAAAAAAAAAAAAAAAAAAAAAAAAAAAAAAAAAAAAAAAAAAAAFVVVQP//wABAAAAAAAAAACmppsXz8/MS93b2X7Gw76prKehxZWQh92AeGzaZVxHw1hOMKNtZ1Z3enNkRWNjVRIAAAAAAAAAAICAgAJVVVUDAAAAAAAAAAAAAAAAAAAAAAAAAAAAAAAAAAAAAAAAAAAAAAAAAAAAAAAAAAAAAAAAAAAAAAAAAAAAAAAAAAAAAAAAAAAAAAAAAAAAAAAAAAAAAAAAAAAAAAAAAAAAAAAAAAAAAAAAAAAAAAAAAAAAAAAAAAAAAAAAAAAAAAAAAAAAAAAAAAAAAAAAAAAAAAAAAAAAAAAAAAAAAAAAAAAAAAAAAAAAAAAAAAAAAAAAAAAAAAAAAAAAAAAAAAAAAAAAAAAAAAAAAAAAAAAAAAAAAAAAAAAAAAAAAAAAAAAAAAAAAAAAAAAAAAAAAAAAAAAAAAAAAAAAAAAAAAAAAAAAAAAAAAAAAAAAAAAAAAAAAAAAAAAAAAAAAA=="}}
-------------------------------- post_append_url()
引数: https://codepen.io
{"codepen_io": {"href": "https://codepen.io", "title": "CodePen - Front End Developer Playground & Code Editor in the Browser", "src": "data:image/svg+xml;base64,PHN2ZyB4bWxucz0iaHR0cDovL3d3dy53My5vcmcvMjAwMC9zdmciIHZpZXdCb3g9IjAgMCAyNTAgMjUwIiBlbmFibGUtYmFja2dyb3VuZD0ibmV3IDAgMCAyNTAgMjUwIj48cGF0aCBmaWxsPSIjMjMxRjIwIiBkPSJNMjQ5LjgxOSA4NS4wNDhjLS44MzctNC41NTUtNC4xMTItNi43NDMtNy41ODgtOS4wNi0zLjk5OC0yLjY2NS03Ljk5Ni01LjMzLTExLjk5My03Ljk5NmwtNDAuMDU2LTI2LjcwNC00MS4xOTctMjcuNDY1Yy00LjQ3My0yLjk4Mi04Ljk0Ni01Ljk2NC0xMy40Mi04Ljk0Ni0yLjI3Ni0xLjUxOC00LjczOC0zLjU3My03LjM4MS00LjM5NC00LjkzOC0xLjUzNC04LjU4NC45NS0xMi4zNzYgMy40NzdsLTEyLjIzOSA4LjE1OS00MC4yNjEgMjYuODQxYy0xMy42NzQgOS4xMTYtMjcuMzQ4IDE4LjIzMi00MS4wMjEgMjcuMzQ4bC0xMy4xODkgOC43OTNjLTIuMjY3IDEuNTExLTUuMDE3IDIuOTY1LTYuNzM5IDUuMTIxLTMuMDc2IDMuODUxLTIuMzYgOS4xNjEtMi4zNiAxMy43Nzd2NjYuNjM0YzAgMS40MzgtLjA3NCAyLjkwMS4xODQgNC4zMjEuNTU5IDMuMDggMi4zNzkgNS41NDUgNC45MjcgNy4yODkgMi41MzQgMS43MzQgNS4xMTIgMy40MDggNy42NjcgNS4xMTFsMzUuOTY3IDIzLjk3OCA0My4xOTQgMjguNzk2IDI2LjA3OSAxNy4zODZjMS4zMDIuODY4IDIuNTkyIDEuNjc5IDQuMTMzIDIuMTAzIDMuMzA0LjkwOSA2LjUzOC4wOCA5LjMyNS0xLjc2NiAyLjc1NS0xLjgyNSA1LjUtMy42NjcgOC4yNS01LjUgMTIuMTg3LTguMTI1IDI0LjM3NC0xNi4yNSAzNi41NjItMjQuMzc0bDQzLjAyNy0yOC42ODUgMjUuMTUyLTE2Ljc2OGMxLjQ4LS45ODcgMi44MjgtMi4xMTIgMy44MDgtMy42MyAxLjQxMi0yLjE4OSAxLjcyNi00LjYxMSAxLjcyNi03LjEzMnYtNjUuNTk2YzAtMy42MDcuNDI4LTcuNTM5LS4xODEtMTEuMTE4em0tMTI0LjgxOSA2NS4zNjdjLTExLjA5LTcuNDE4LTIyLjE4LTE0LjgzNi0zMy4yNzEtMjIuMjU0bC00LjcyNC0zLjE1OSAzMy4zNS0yMi4zMDggMy4wNzUtMi4wNTdjLjMzMS0uMjIyIDEuMDktLjk3MiAxLjUwMi0xLjAwNS43MzItLjA1OCAyLjQxOSAxLjUyOCAzLjAzNCAxLjk0IDYuNTAxIDQuMzQ4IDEzLjAwMiA4LjY5NyAxOS41MDQgMTMuMDQ1bDE1LjUyNyAxMC4zODUtMzMuMjczIDIyLjI1NC00LjcyNCAzLjE1OXptLTEwLjc0Mi02OS40ODhjLTQuNDIgMi45NTYtOC44NCA1LjkxMi0xMy4yNiA4Ljg2OS03Ljg2OCA1LjI2Mi0xNS43MzYgMTAuNTI0LTIzLjYwNCAxNS43ODctMi42NCAxLjc2Ni01LjI4IDMuNTMyLTcuOTIgNS4yOTctLjM5My4yNjMtMS4xODggMS4wNTItMS42NjkgMS4xMTYtLjI3OC4wMzctLjM3OS0uMDktLjY4LS4yOTEtNi4yNDEtNC4xNjItMTIuNDctOC4zNDEtMTguNzA1LTEyLjUxMWwtMTEuNDI4LTcuNjQ0LTQuMTg1LTIuNzk5Yy0uNjY0LS40NDQtMS45MjctLjk2Ny0yLjQwOS0xLjYxMi0uMDYyLS4wODMtLjIyMi0uMTQ5LS4zMTEtLjIwOGw4LjM5OS01LjU5OSAyMC4wNDktMTMuMzY2IDI0LjM2My0xNi4yNDIgMjAuOTY5LTEzLjk3OSA2Ljk1LTQuNjM0IDIuMTY0LTEuNDQzYy4yMDItLjEzNS44ODQtLjc3MSAxLjEzMy0uNzU1bC4xNDMtLjA5NXY1MC4xMDl6bS02NS44OTggNDQuMDc1Yy03LjgzNiA1LjI0Mi0xNS42NzMgMTAuNDg0LTIzLjUwOSAxNS43MjVsLTMuMzY1IDIuMjUxdi0zNS45NTRsMjMuNTA5IDE1LjcyNiAzLjM2NSAyLjI1MXptMTkuMzIyIDEyLjkyNWwxNC4zMyA5LjU4NCAyNC4zOTQgMTYuMzE1IDcuMDc3IDQuNzMzYy4yMjEuMTQ4LjY2Mi4zMzkuNzc0LjU2OS4yMS40MzIgMCAxLjUgMCAxLjk2N3Y0NC44ODFjMCAuODMzLjIxNiAyLjAwNyAwIDIuODE3LS4wMy4xMTMgMCAuMjc0IDAgLjM5M2wtOC4zOTktNS41OTktMjAuMDQ5LTEzLjM2Ni0yNC4zNjMtMTYuMjQyLTIwLjk2OS0xMy45OC02Ljk1LTQuNjM0LTIuMTY0LTEuNDQzYy0uMjE0LS4xNDMtMS4wMzgtLjUwOS0xLjEzMy0uNzU2bC0uMTQzLS4wOTUgMzMuMDExLTIyLjA3OCA0LjU4NS0zLjA2N3ptNjguMDU4IDMxLjE1YzQuNDItMi45NTYgOC44NC01LjkxMiAxMy4yNi04Ljg2OSA3Ljg2OC01LjI2MiAxNS43MzYtMTAuNTI0IDIzLjYwNC0xNS43ODcgMi42NC0xLjc2NiA1LjI4LTMuNTMyIDcuOTItNS4yOTcuMzkzLS4yNjMgMS4xODgtMS4wNTIgMS42NjktMS4xMTYuMjc4LS4wMzcuMzc5LjA5LjY4LjI5MSA2LjI0MSA0LjE2MiAxMi40NzEgOC4zNCAxOC43MDYgMTIuNTEgMy44MSAyLjU0OCA3LjYxOSA1LjA5NiAxMS40MjkgNy42NDNsNC4xODYgMi43OTljLjY2NC40NDQgMS45MjcuOTY3IDIuNDEgMS42MTEuMDYyLjA4My4yMjIuMTQ5LjMxMS4yMDhsLTguMzk5IDUuNTk5LTIwLjA1IDEzLjM2Ni0yNC4zNjQgMTYuMjQyLTIwLjk3IDEzLjk4LTYuOTUxIDQuNjM0LTIuMTY0IDEuNDQzYy0uMjAyLjEzNS0uODg0Ljc3MS0xLjEzMy43NTVsLS4xNDMuMDk1di01MC4xMDl6bTY1Ljg5OC00NC4wNzVsMjMuNTEyLTE1LjcyNiAzLjM2Ni0yLjI1MXYzNS45NTRjLTcuODM3LTUuMjQyLTE1LjY3NS0xMC40ODQtMjMuNTEyLTE1LjcyNWwtMy4zNjYtMi4yNTF6bS0xOS4zMjItMTIuOTI1bC0xNC4zMy05LjU4NC0yNC4zOTQtMTYuMzE1LTcuMDc3LTQuNzMzYy0uMjIxLS4xNDgtLjY2Mi0uMzM5LS43NzQtLjU2OS0uMjEtLjQzMiAwLTEuNSAwLTEuOTY3di00NC44ODFjMC0uODMzLS4yMTYtMi4wMDcgMC0yLjgxNy4wMy0uMTEzIDAtLjI3NCAwLS4zOTNsOC4zOTkgNS41OTkgMjAuMDUgMTMuMzY2IDI0LjM2NCAxNi4yNDIgMjAuOTcgMTMuOTc5IDYuOTUxIDQuNjM0IDIuMTY0IDEuNDQzYy4yMTQuMTQzIDEuMDM4LjUwOSAxLjEzMy43NTVsLjE0My4wOTUtMzMuMDE0IDIyLjA4LTQuNTg2IDMuMDY3eiIvPjwvc3ZnPg=="}}
-------------------------------- post_append_url()
引数: https://jsfiddle.net
{"jsfiddle_net": {"href": "https://jsfiddle.net", "title": "Create a new fiddle - JSFiddle", "src": "data:image/png;base64,iVBORw0KGgoAAAANSUhEUgAAACAAAAAgCAYAAABzenr0AAAABGdBTUEAALGPC/xhBQAABURJREFUWAntVn1sU1UUP+e91+4DaMc+2GibyNfUEAwMUYKEBIliCApEQINRjDHBBCRZZ/iIgDTRSBTom4GoUfcXfiSKiRERgyzIH4hEJegkKCgzuNaVTba2DNq1715/t9vrWlaQ6f6Tm7T33nN+5+Oee865j+jmuBmB4YjA8g/1ylc6PBRoLR6qOh6qgI2v3n5xisMw/JLpHpY8gZic/bx2kvJzImtPm3/0Vzb+WvOQHaje3j7GcJQ2MfGDUso4ER8gKc6wxudhpFwSTYHShaCPJpJfiET6mfDGcsUrOIbkQM2O+GRdl/tx2koIvtSTSL/ZtbE8Okhz4JTT6/athpNbJXEvs1jUVu8+PggHwg07UBHs9JZozhaSfFmK9MLQc6N/KKQwl+Z7NVornbyfJVWkSNwV8Zedy+WrdUEHPGb3dI20R8Gehju+CAWHJcvFJGlOOi2mRtaVtV6t6Fr7GrNrnE76tzD0e5vfdTdwuKWBMcgBT2P8BRjcAlwSsB/7ws21SkRKWh3yj3pjQPzGVh4zukJj7X0hxWNhv/uDa0p5zfgyX2Nc+hpj7yDZRthAz47u+72NsX3YD3LYxvzDzD4z/pPPjB25Ls5rxlph6CgFAtp1gf+C6THjW72N8bQrGC3PFc8aUuXFzOOQZO/CAZELGpa1tI4hfPpIybfn6jOyG91ZrdYARbK0nIVKTCJtGpOMhE6fPUhvzUjlsDNLlXBI3ln4JZOpK193rB/TbmMsS4Q1TSeNeKxNU3NfBBByBxuPK4IkeZua7eF9OVaBa9mvsf69xtzErH3mm3zr6bHB7hk2BjN7g9EXdTZ+VcmGU3xc5CxpRfKtsTG6w0gh/SUs7vKYsSU2PeOAz+XfSszrJYnXQ9E/dtpMNXMJNeF/rhC0RiRStwghF4Gs4TRHvGb3PIVB5WxhTdtMJN6WFg6QSk1V7RjO7PaZ0QUKE653/UIyPR0HPI+r3usJxhYrOqvQMuoUbbUp3OBapYj2yPR7h6OFhKhva3C/NkBX7XjElzAy0SK5HKeYgK7nCvld22wMBQ4bPveME+gf8VC9a/YAvbXY6644hAPXpVM94xFV7VlmeSkVSzRkQf0Lw9Dr1DJlyU9zeZF1NRd6e688oGg6a/tw6m/yjCtG4N60IPUo8TTskFr9IzA+gWb2BHZFhlFar+Elm48G80lHYMwlG5OdBXeptcaUVzqKlhbGFUvoj6i1bmgfqVxR67whqRyWu0HL6359nVQewFU8pKHVeuDgmTzB/o2V5OO4mh4Y2JTbG3w740tLixydxKJHpuVclG4NlXBzpdmRzfCqYHQSa7QC8s2FdMOlFtAnqTIU8DJTglcD258f1eEJRjfimnb53A3HyPQfINZqcZwVONSx9uhfxwkh9QS7lwCzt5iLTqHbNeEFdKBcn0RkE0lKbrhab9+eS8A3cAX0MxLlzsIgZG+DezdZtAxKnaihTRCaw1JuD/0WmaeMK7lwQ9lBQTwTjh1Fcq1FTq1EZJupN1XX6a/6s5BuOAib8hyhPW7GT4wNxuYUAubR8OmVty+06cMMJF0BjGdnVx3enZSnMbaNae3ZIu/E6pPA6dZlnq3CXkBm2EhVgQsjnWUlR1HC7mRv8g70pdokWfIpJKJXL6UWvFoP06rvHMNm0VaEbouec5/TXYyPGpqM3vJ054aqeDZUma8XB+9BacyETAId6ySYqoT+80DejEInmIpmNRLGTwmyVob9ZSeU4qwDGSu4P++s+UuR6QvAGI+kGvJndiFvoasXptrQmA6Fz0Xey0S9EPAm7X8Zgb8BVowAjPMF30EAAAAASUVORK5CYII="}}
-------------------------------- post_append_url()
引数: http://liveweave.com
{"liveweave_com": {"href": "http://liveweave.com", "title": "HTML5, CSS3 and JavaScript demo - Liveweave", "src": "data:image/ico;base64,AAABAAEAEBAAAAAAIABoBAAAFgAAACgAAAAQAAAAIAAAAAEAIAAAAAAAQAQAAAAAAAAAAAAAAAAAAAAAAAD///8B////Af///wH///8B////Af///wH///8B////Af///wH///8B////Af///wH///8B////Af///wH///8B////Af///wH///8B////Af///wH///8B////Af///wH///8B////Af///wH///8B////Af///wH///8B////Af///wH///8B////Af///wH///8B////Af///wH///8B////Af///wH///8B////Af///wH///8B////Af///wH/vwCT/78Ak/+/ACv/vwBT/78Ak/+/AGnZowAV2aMAk9mjAJPZowAV2aMAadmjAJPZowBT2aMAK9mjAJPZowCT/78A//+/AP//vwBJ/78Ak/+/AP//vwC32aMAJdmjAP/ZowD/2aMAJdmjALfZowD/2aMAk9mjAEnZowD/2aMA//+/AP//vwD//78ASf+/AGn/vwC3/r8Ag9mjACXZowD/2aMA/9mjACXZowCD2aMAt9mjAGnZowBJ2aMA/9mjAP//vwD//78A//+/AEn///8B////Af///wHZowAl2aMA/9mjAP/ZowAl////Af///wH///8B2aMASdmjAP/ZowD//78A//+/AP//vwBJ////Af///wH///8B2aMAJdmjAP/ZowD/2aMAJf///wH///8B////AdmjAEnZowD/2aMA//+/AP//vwD//78ASf///wH///8B////AdmjACXZowD/2aMA/9mjACX///8B////Af///wHZowBJ2aMA/9mjAP//vwD//78A//+/AEn///8B////Af///wHZowAl2aMA/9mjAP/ZowAl////Af///wH///8B2aMASdmjAP/ZowD//78A//+/AP//vwBJ////Af///wH///8B2aMAC9mjAEnZowBJ2aMAC////wH///8B////AdmjAEnZowD/2aMA//+/AP//vwD//78ASf///wH///8B////Af///wH///8B////Af///wH///8B////Af///wHZowBJ2aMA/9mjAP//vwCT/78Ak/+/ACv///8B////Af///wH///8B////Af///wH///8B////Af///wH///8B2aMAK9mjAJPZowCT////Af///wH///8B////Af///wH///8B////Af///wH///8B////Af///wH///8B////Af///wH///8B////Af///wH///8B////Af///wH///8B////Af///wH///8B////Af///wH///8B////Af///wH///8B////Af///wH///8B////Af///wH///8B////Af///wH///8B////Af///wH///8B////Af///wH///8B////Af///wH///8BAAD//wAA//8AAP//AAD//wAA//8AAP//AAD//wAA//8AAP//AAD//wAA//8AAP//AAD//wAA//8AAP//AAD//w=="}}
-------------------------------- post_append_url()
引数: 
{"message": "\u65e2\u5b58 \n"}
-------------------------------- post_append_url()
引数: https://repl.it
{"message": "\u65e2\u5b58 https://repl.it\n"}
-------------------------------- post_append_url()
引数: https://codepen.io
{"message": "\u65e2\u5b58 https://codepen.io\n"}
-------------------------------- post_append_url()
引数: https://jsfiddle.net
{"message": "\u65e2\u5b58 https://jsfiddle.net\n"}
-------------------------------- post_append_url()
引数: http://liveweave.com
{"message": "\u65e2\u5b58 http://liveweave.com\n"}
-------------------------------- post_append_url()
引数: 
{"message": "\u65e2\u5b58 \n"}
